#! c:/iverilog-x64/bin/vvp
:ivl_version "10.1 (stable)" "(v10_1_1)";
:ivl_delay_selection "TYPICAL";
:vpi_time_precision + 0;
:vpi_module "system";
:vpi_module "vhdl_sys";
:vpi_module "v2005_math";
:vpi_module "va_math";
S_000000000087d7f0 .scope module, "VerilogDM_214_test" "VerilogDM_214_test" 2 83;
 .timescale 0 0;
v00000000008dbf20_0 .var "buzzer", 0 0;
v00000000008dbb60_0 .net "chance_over", 0 0, L_000000000087e180;  1 drivers
v00000000008dada0_0 .var "entry", 0 0;
v00000000008db2a0_0 .var "exit", 0 0;
v00000000008dbca0_0 .net "gate_closed", 0 0, L_000000000087e3b0;  1 drivers
v00000000008dbd40_0 .net "gate_open", 0 0, L_000000000087e490;  1 drivers
v00000000008db340_0 .net "num_entry", 3 0, L_00000000008ec8f0;  1 drivers
v00000000008dbfc0_0 .var "password", 12 1;
v00000000008db840_0 .net "q", 1 0, L_00000000008ed750;  1 drivers
v00000000008db8e0_0 .var "reset1", 0 0;
S_000000000087d970 .scope module, "test" "VerilogDM_214" 2 96, 2 21 0, S_000000000087d7f0;
 .timescale 0 0;
    .port_info 0 /INPUT 1 "buzzer"
    .port_info 1 /INPUT 12 "password"
    .port_info 2 /INPUT 1 "entry"
    .port_info 3 /INPUT 1 "exit"
    .port_info 4 /INPUT 1 "reset1"
    .port_info 5 /OUTPUT 1 "gate_open"
    .port_info 6 /OUTPUT 1 "gate_closed"
    .port_info 7 /OUTPUT 1 "chance_over"
    .port_info 8 /OUTPUT 4 "num_entry"
    .port_info 9 /OUTPUT 2 "q"
L_000000000087df50 .functor AND 1, L_00000000008ed2f0, L_00000000008ed250, C4<1>, C4<1>;
L_000000000087e1f0 .functor OR 1, L_00000000008ee290, L_00000000008ece90, C4<0>, C4<0>;
L_000000000087e0a0 .functor OR 1, L_000000000087e1f0, L_00000000008ed110, C4<0>, C4<0>;
L_000000000087e030 .functor OR 1, L_000000000087e0a0, L_00000000008ecb70, C4<0>, C4<0>;
L_000000000087e5e0 .functor OR 1, L_000000000087e030, L_00000000008ee010, C4<0>, C4<0>;
L_000000000087e570 .functor AND 1, L_000000000087df50, L_000000000087e5e0, C4<1>, C4<1>;
L_000000000087e260 .functor NOT 1, L_00000000008ecf30, C4<0>, C4<0>, C4<0>;
L_000000000087dfc0 .functor NOT 1, L_00000000008ed390, C4<0>, C4<0>, C4<0>;
L_000000000087e110 .functor OR 1, L_00000000008ec530, L_00000000008ec710, C4<0>, C4<0>;
L_000000000087e180 .functor NOT 1, L_000000000087e110, C4<0>, C4<0>, C4<0>;
L_000000000087e2d0 .functor AND 1, L_00000000008ecf30, L_000000000087e110, C4<1>, C4<1>;
L_000000000087e340 .functor NOT 1, L_000000000087e110, C4<0>, C4<0>, C4<0>;
L_000000000087e3b0 .functor OR 1, L_000000000087e260, L_000000000087e340, C4<0>, C4<0>;
L_000000000087e490 .functor BUFZ 1, L_000000000087e2d0, C4<0>, C4<0>, C4<0>;
L_000000000087e650 .functor NOT 1, L_00000000008edf70, C4<0>, C4<0>, C4<0>;
L_000000000087e420 .functor NOT 1, L_00000000008ecd50, C4<0>, C4<0>, C4<0>;
L_000000000087e500 .functor NOT 1, L_00000000008ecfd0, C4<0>, C4<0>, C4<0>;
v000000000087a700_0 .net *"_s0", 31 0, L_00000000008dbde0;  1 drivers
v000000000087a7a0_0 .net *"_s104", 0 0, L_00000000008ecd50;  1 drivers
L_0000000002830118 .functor BUFT 1, C4<0000000000000000000000000000000>, C4<0>, C4<0>, C4<0>;
v000000000087a840_0 .net *"_s11", 30 0, L_0000000002830118;  1 drivers
v000000000087ac00_0 .net *"_s113", 0 0, L_00000000008ecfd0;  1 drivers
L_0000000002830160 .functor BUFT 1, C4<00000000000000000000000000000001>, C4<0>, C4<0>, C4<0>;
v0000000000878f40_0 .net/2u *"_s12", 31 0, L_0000000002830160;  1 drivers
v0000000000879080_0 .net *"_s14", 0 0, L_00000000008ed250;  1 drivers
v0000000000879300_0 .net *"_s16", 0 0, L_000000000087df50;  1 drivers
L_00000000028301a8 .functor BUFT 1, C4<001011010010>, C4<0>, C4<0>, C4<0>;
v0000000000879800_0 .net/2u *"_s18", 11 0, L_00000000028301a8;  1 drivers
v00000000008da260_0 .net *"_s20", 0 0, L_00000000008ee290;  1 drivers
L_00000000028301f0 .functor BUFT 1, C4<001010111101>, C4<0>, C4<0>, C4<0>;
v00000000008dc060_0 .net/2u *"_s22", 11 0, L_00000000028301f0;  1 drivers
v00000000008da1c0_0 .net *"_s24", 0 0, L_00000000008ece90;  1 drivers
v00000000008da620_0 .net *"_s26", 0 0, L_000000000087e1f0;  1 drivers
L_0000000002830238 .functor BUFT 1, C4<000011011001>, C4<0>, C4<0>, C4<0>;
v00000000008da300_0 .net/2u *"_s28", 11 0, L_0000000002830238;  1 drivers
L_0000000002830088 .functor BUFT 1, C4<0000000000000000000000000000000>, C4<0>, C4<0>, C4<0>;
v00000000008db660_0 .net *"_s3", 30 0, L_0000000002830088;  1 drivers
v00000000008db0c0_0 .net *"_s30", 0 0, L_00000000008ed110;  1 drivers
v00000000008daee0_0 .net *"_s32", 0 0, L_000000000087e0a0;  1 drivers
L_0000000002830280 .functor BUFT 1, C4<001010000101>, C4<0>, C4<0>, C4<0>;
v00000000008daf80_0 .net/2u *"_s34", 11 0, L_0000000002830280;  1 drivers
v00000000008db480_0 .net *"_s36", 0 0, L_00000000008ecb70;  1 drivers
v00000000008da3a0_0 .net *"_s38", 0 0, L_000000000087e030;  1 drivers
L_00000000028300d0 .functor BUFT 1, C4<00000000000000000000000000000001>, C4<0>, C4<0>, C4<0>;
v00000000008db980_0 .net/2u *"_s4", 31 0, L_00000000028300d0;  1 drivers
L_00000000028302c8 .functor BUFT 1, C4<000110100100>, C4<0>, C4<0>, C4<0>;
v00000000008dbe80_0 .net/2u *"_s40", 11 0, L_00000000028302c8;  1 drivers
v00000000008db020_0 .net *"_s42", 0 0, L_00000000008ee010;  1 drivers
v00000000008da940_0 .net *"_s44", 0 0, L_000000000087e5e0;  1 drivers
v00000000008da9e0_0 .net *"_s46", 0 0, L_000000000087e570;  1 drivers
L_0000000002830310 .functor BUFT 1, C4<1>, C4<0>, C4<0>, C4<0>;
v00000000008db5c0_0 .net/2u *"_s48", 0 0, L_0000000002830310;  1 drivers
L_0000000002830358 .functor BUFT 1, C4<0>, C4<0>, C4<0>, C4<0>;
v00000000008da440_0 .net/2u *"_s50", 0 0, L_0000000002830358;  1 drivers
v00000000008da4e0_0 .net *"_s6", 0 0, L_00000000008ed2f0;  1 drivers
v00000000008da580_0 .net *"_s66", 0 0, L_00000000008ed390;  1 drivers
v00000000008dbc00_0 .net *"_s72", 0 0, L_00000000008ec530;  1 drivers
v00000000008db700_0 .net *"_s74", 0 0, L_00000000008ec710;  1 drivers
v00000000008dae40_0 .net *"_s8", 31 0, L_00000000008ecdf0;  1 drivers
v00000000008db7a0_0 .net *"_s81", 0 0, L_000000000087e340;  1 drivers
v00000000008dabc0_0 .net *"_s96", 0 0, L_00000000008edf70;  1 drivers
v00000000008db3e0_0 .net "and_of_pass_out_c1_or", 0 0, L_000000000087e2d0;  1 drivers
v00000000008db160_0 .net "buzzer", 0 0, v00000000008dbf20_0;  1 drivers
v00000000008da800_0 .net "c1_or", 0 0, L_000000000087e110;  1 drivers
v00000000008da760_0 .net "chance_over", 0 0, L_000000000087e180;  alias, 1 drivers
v00000000008da6c0_0 .net "entry", 0 0, v00000000008dada0_0;  1 drivers
v00000000008da8a0_0 .net "exit", 0 0, v00000000008db2a0_0;  1 drivers
v00000000008daa80_0 .net "gate_closed", 0 0, L_000000000087e3b0;  alias, 1 drivers
v00000000008dab20_0 .net "gate_open", 0 0, L_000000000087e490;  alias, 1 drivers
v00000000008dba20_0 .net "num_entry", 3 0, L_00000000008ec8f0;  alias, 1 drivers
v00000000008dad00_0 .net "pass_out", 0 0, L_00000000008ecf30;  1 drivers
v00000000008db520_0 .net "pass_out_not", 0 0, L_000000000087e260;  1 drivers
v00000000008dac60_0 .net "password", 12 1, v00000000008dbfc0_0;  1 drivers
v00000000008db200_0 .net "q", 1 0, L_00000000008ed750;  alias, 1 drivers
v00000000008dbac0_0 .net "reset1", 0 0, v00000000008db8e0_0;  1 drivers
L_00000000008dbde0 .concat [ 1 31 0 0], v00000000008dada0_0, L_0000000002830088;
L_00000000008ed2f0 .cmp/eq 32, L_00000000008dbde0, L_00000000028300d0;
L_00000000008ecdf0 .concat [ 1 31 0 0], v00000000008dbf20_0, L_0000000002830118;
L_00000000008ed250 .cmp/eq 32, L_00000000008ecdf0, L_0000000002830160;
L_00000000008ee290 .cmp/eq 12, v00000000008dbfc0_0, L_00000000028301a8;
L_00000000008ece90 .cmp/eq 12, v00000000008dbfc0_0, L_00000000028301f0;
L_00000000008ed110 .cmp/eq 12, v00000000008dbfc0_0, L_0000000002830238;
L_00000000008ecb70 .cmp/eq 12, v00000000008dbfc0_0, L_0000000002830280;
L_00000000008ee010 .cmp/eq 12, v00000000008dbfc0_0, L_00000000028302c8;
L_00000000008ecf30 .functor MUXZ 1, L_0000000002830358, L_0000000002830310, L_000000000087e570, C4<>;
L_00000000008ed750 .concat8 [ 1 1 0 0], v0000000000879260_0, v000000000087a2a0_0;
L_00000000008ed390 .part L_00000000008ed750, 0, 1;
L_00000000008ec530 .part L_00000000008ed750, 1, 1;
L_00000000008ec710 .part L_00000000008ed750, 0, 1;
L_00000000008edf70 .part L_00000000008ec8f0, 0, 1;
L_00000000008ecd50 .part L_00000000008ec8f0, 1, 1;
L_00000000008ec8f0 .concat8 [ 1 1 1 1], v00000000008798a0_0, v0000000000879120_0, v000000000087a3e0_0, v00000000008796c0_0;
L_00000000008ecfd0 .part L_00000000008ec8f0, 2, 1;
S_0000000000858150 .scope module, "c1_bit0" "t_ff" 2 52, 2 70 0, S_000000000087d970;
 .timescale 0 0;
    .port_info 0 /OUTPUT 1 "q"
    .port_info 1 /INPUT 1 "t"
    .port_info 2 /INPUT 1 "clk"
    .port_info 3 /INPUT 1 "rst"
v000000000087a200_0 .net "clk", 0 0, L_000000000087dfc0;  1 drivers
v000000000087a2a0_0 .var "q", 0 0;
L_0000000002830430 .functor BUFT 1, C4<0>, C4<0>, C4<0>, C4<0>;
v000000000087a020_0 .net "rst", 0 0, L_0000000002830430;  1 drivers
L_00000000028303e8 .functor BUFT 1, C4<1>, C4<0>, C4<0>, C4<0>;
v0000000000879c60_0 .net "t", 0 0, L_00000000028303e8;  1 drivers
E_00000000008809a0 .event posedge, v000000000087a020_0, v000000000087a200_0;
S_00000000008582d0 .scope module, "c1_bit1" "t_ff" 2 51, 2 70 0, S_000000000087d970;
 .timescale 0 0;
    .port_info 0 /OUTPUT 1 "q"
    .port_info 1 /INPUT 1 "t"
    .port_info 2 /INPUT 1 "clk"
    .port_info 3 /INPUT 1 "rst"
v000000000087ab60_0 .net "clk", 0 0, v00000000008dbf20_0;  alias, 1 drivers
v0000000000879260_0 .var "q", 0 0;
v00000000008793a0_0 .net "rst", 0 0, v00000000008db8e0_0;  alias, 1 drivers
L_00000000028303a0 .functor BUFT 1, C4<1>, C4<0>, C4<0>, C4<0>;
v000000000087a5c0_0 .net "t", 0 0, L_00000000028303a0;  1 drivers
E_00000000008804e0 .event posedge, v00000000008793a0_0, v000000000087ab60_0;
S_000000000087ef20 .scope module, "c2_bit0" "t_ff" 2 62, 2 70 0, S_000000000087d970;
 .timescale 0 0;
    .port_info 0 /OUTPUT 1 "q"
    .port_info 1 /INPUT 1 "t"
    .port_info 2 /INPUT 1 "clk"
    .port_info 3 /INPUT 1 "rst"
v00000000008794e0_0 .net "clk", 0 0, L_00000000008ecf30;  alias, 1 drivers
v00000000008798a0_0 .var "q", 0 0;
v00000000008799e0_0 .net "rst", 0 0, v00000000008db8e0_0;  alias, 1 drivers
L_0000000002830478 .functor BUFT 1, C4<1>, C4<0>, C4<0>, C4<0>;
v0000000000879da0_0 .net "t", 0 0, L_0000000002830478;  1 drivers
E_0000000000880b20 .event posedge, v00000000008793a0_0, v00000000008794e0_0;
S_0000000000822930 .scope module, "c2_bit1" "t_ff" 2 63, 2 70 0, S_000000000087d970;
 .timescale 0 0;
    .port_info 0 /OUTPUT 1 "q"
    .port_info 1 /INPUT 1 "t"
    .port_info 2 /INPUT 1 "clk"
    .port_info 3 /INPUT 1 "rst"
v0000000000879580_0 .net "clk", 0 0, L_000000000087e650;  1 drivers
v0000000000879120_0 .var "q", 0 0;
v0000000000879e40_0 .net "rst", 0 0, v00000000008db8e0_0;  alias, 1 drivers
L_00000000028304c0 .functor BUFT 1, C4<1>, C4<0>, C4<0>, C4<0>;
v000000000087a340_0 .net "t", 0 0, L_00000000028304c0;  1 drivers
E_0000000000880120 .event posedge, v00000000008793a0_0, v0000000000879580_0;
S_0000000000822ab0 .scope module, "c2_bit2" "t_ff" 2 64, 2 70 0, S_000000000087d970;
 .timescale 0 0;
    .port_info 0 /OUTPUT 1 "q"
    .port_info 1 /INPUT 1 "t"
    .port_info 2 /INPUT 1 "clk"
    .port_info 3 /INPUT 1 "rst"
v000000000087a160_0 .net "clk", 0 0, L_000000000087e420;  1 drivers
v000000000087a3e0_0 .var "q", 0 0;
v000000000087a480_0 .net "rst", 0 0, v00000000008db8e0_0;  alias, 1 drivers
L_0000000002830508 .functor BUFT 1, C4<1>, C4<0>, C4<0>, C4<0>;
v000000000087a520_0 .net "t", 0 0, L_0000000002830508;  1 drivers
E_0000000000880060 .event posedge, v00000000008793a0_0, v000000000087a160_0;
S_00000000008d9ff0 .scope module, "c2_bit3" "t_ff" 2 65, 2 70 0, S_000000000087d970;
 .timescale 0 0;
    .port_info 0 /OUTPUT 1 "q"
    .port_info 1 /INPUT 1 "t"
    .port_info 2 /INPUT 1 "clk"
    .port_info 3 /INPUT 1 "rst"
v000000000087a660_0 .net "clk", 0 0, L_000000000087e500;  1 drivers
v00000000008796c0_0 .var "q", 0 0;
v000000000087a980_0 .net "rst", 0 0, v00000000008db8e0_0;  alias, 1 drivers
L_0000000002830550 .functor BUFT 1, C4<1>, C4<0>, C4<0>, C4<0>;
v0000000000878ea0_0 .net "t", 0 0, L_0000000002830550;  1 drivers
E_0000000000880720 .event posedge, v00000000008793a0_0, v000000000087a660_0;
    .scope S_00000000008582d0;
T_0 ;
    %pushi/vec4 1, 0, 1;
    %store/vec4 v0000000000879260_0, 0, 1;
    %end;
    .thread T_0;
    .scope S_00000000008582d0;
T_1 ;
    %wait E_00000000008804e0;
    %load/vec4 v00000000008793a0_0;
    %pad/u 32;
    %cmpi/e 1, 0, 32;
    %jmp/0xz  T_1.0, 4;
    %pushi/vec4 1, 0, 1;
    %store/vec4 v0000000000879260_0, 0, 1;
T_1.0 ;
    %load/vec4 v0000000000879260_0;
    %inv;
    %assign/vec4 v0000000000879260_0, 0;
    %jmp T_1;
    .thread T_1;
    .scope S_0000000000858150;
T_2 ;
    %pushi/vec4 1, 0, 1;
    %store/vec4 v000000000087a2a0_0, 0, 1;
    %end;
    .thread T_2;
    .scope S_0000000000858150;
T_3 ;
    %wait E_00000000008809a0;
    %load/vec4 v000000000087a020_0;
    %pad/u 32;
    %cmpi/e 1, 0, 32;
    %jmp/0xz  T_3.0, 4;
    %pushi/vec4 1, 0, 1;
    %store/vec4 v000000000087a2a0_0, 0, 1;
T_3.0 ;
    %load/vec4 v000000000087a2a0_0;
    %inv;
    %assign/vec4 v000000000087a2a0_0, 0;
    %jmp T_3;
    .thread T_3;
    .scope S_000000000087ef20;
T_4 ;
    %pushi/vec4 1, 0, 1;
    %store/vec4 v00000000008798a0_0, 0, 1;
    %end;
    .thread T_4;
    .scope S_000000000087ef20;
T_5 ;
    %wait E_0000000000880b20;
    %load/vec4 v00000000008799e0_0;
    %pad/u 32;
    %cmpi/e 1, 0, 32;
    %jmp/0xz  T_5.0, 4;
    %pushi/vec4 1, 0, 1;
    %store/vec4 v00000000008798a0_0, 0, 1;
T_5.0 ;
    %load/vec4 v00000000008798a0_0;
    %inv;
    %assign/vec4 v00000000008798a0_0, 0;
    %jmp T_5;
    .thread T_5;
    .scope S_0000000000822930;
T_6 ;
    %pushi/vec4 1, 0, 1;
    %store/vec4 v0000000000879120_0, 0, 1;
    %end;
    .thread T_6;
    .scope S_0000000000822930;
T_7 ;
    %wait E_0000000000880120;
    %load/vec4 v0000000000879e40_0;
    %pad/u 32;
    %cmpi/e 1, 0, 32;
    %jmp/0xz  T_7.0, 4;
    %pushi/vec4 1, 0, 1;
    %store/vec4 v0000000000879120_0, 0, 1;
T_7.0 ;
    %load/vec4 v0000000000879120_0;
    %inv;
    %assign/vec4 v0000000000879120_0, 0;
    %jmp T_7;
    .thread T_7;
    .scope S_0000000000822ab0;
T_8 ;
    %pushi/vec4 1, 0, 1;
    %store/vec4 v000000000087a3e0_0, 0, 1;
    %end;
    .thread T_8;
    .scope S_0000000000822ab0;
T_9 ;
    %wait E_0000000000880060;
    %load/vec4 v000000000087a480_0;
    %pad/u 32;
    %cmpi/e 1, 0, 32;
    %jmp/0xz  T_9.0, 4;
    %pushi/vec4 1, 0, 1;
    %store/vec4 v000000000087a3e0_0, 0, 1;
T_9.0 ;
    %load/vec4 v000000000087a3e0_0;
    %inv;
    %assign/vec4 v000000000087a3e0_0, 0;
    %jmp T_9;
    .thread T_9;
    .scope S_00000000008d9ff0;
T_10 ;
    %pushi/vec4 1, 0, 1;
    %store/vec4 v00000000008796c0_0, 0, 1;
    %end;
    .thread T_10;
    .scope S_00000000008d9ff0;
T_11 ;
    %wait E_0000000000880720;
    %load/vec4 v000000000087a980_0;
    %pad/u 32;
    %cmpi/e 1, 0, 32;
    %jmp/0xz  T_11.0, 4;
    %pushi/vec4 1, 0, 1;
    %store/vec4 v00000000008796c0_0, 0, 1;
T_11.0 ;
    %load/vec4 v00000000008796c0_0;
    %inv;
    %assign/vec4 v00000000008796c0_0, 0;
    %jmp T_11;
    .thread T_11;
    .scope S_000000000087d7f0;
T_12 ;
    %vpi_call 2 98 "$dumpfile", "VerilogDM_214_2w_entry.vcd" {0 0 0};
    %vpi_call 2 99 "$dumpvars" {0 0 0};
    %vpi_call 2 101 "$monitor", "\012Buzzer=%b\011Password=%3d\011Gate open=%b\011Gate closed=%b\011Chance_over=%b\011num_entry=%2d\011q=%2b", v00000000008dbf20_0, v00000000008dbfc0_0, v00000000008dbd40_0, v00000000008dbca0_0, v00000000008dbb60_0, v00000000008db340_0, v00000000008db840_0 {0 0 0};
    %end;
    .thread T_12;
    .scope S_000000000087d7f0;
T_13 ;
    %pushi/vec4 1, 0, 1;
    %store/vec4 v00000000008db8e0_0, 0, 1;
    %pushi/vec4 0, 0, 12;
    %store/vec4 v00000000008dbfc0_0, 0, 12;
    %pushi/vec4 1, 0, 1;
    %store/vec4 v00000000008dbf20_0, 0, 1;
    %delay 5, 0;
    %pushi/vec4 0, 0, 1;
    %store/vec4 v00000000008dbf20_0, 0, 1;
    %delay 10, 0;
    %pushi/vec4 1, 0, 1;
    %store/vec4 v00000000008dada0_0, 0, 1;
    %pushi/vec4 0, 0, 1;
    %store/vec4 v00000000008db2a0_0, 0, 1;
    %pushi/vec4 1, 0, 1;
    %store/vec4 v00000000008dbf20_0, 0, 1;
    %pushi/vec4 722, 0, 12;
    %store/vec4 v00000000008dbfc0_0, 0, 12;
    %pushi/vec4 0, 0, 1;
    %store/vec4 v00000000008db8e0_0, 0, 1;
    %delay 5, 0;
    %pushi/vec4 0, 0, 1;
    %store/vec4 v00000000008dbf20_0, 0, 1;
    %delay 10, 0;
    %pushi/vec4 1, 0, 1;
    %store/vec4 v00000000008dada0_0, 0, 1;
    %pushi/vec4 0, 0, 1;
    %store/vec4 v00000000008db2a0_0, 0, 1;
    %pushi/vec4 1, 0, 1;
    %store/vec4 v00000000008dbf20_0, 0, 1;
    %pushi/vec4 420, 0, 12;
    %store/vec4 v00000000008dbfc0_0, 0, 12;
    %delay 5, 0;
    %pushi/vec4 0, 0, 1;
    %store/vec4 v00000000008dbf20_0, 0, 1;
    %delay 10, 0;
    %pushi/vec4 1, 0, 1;
    %store/vec4 v00000000008dada0_0, 0, 1;
    %pushi/vec4 0, 0, 1;
    %store/vec4 v00000000008db2a0_0, 0, 1;
    %pushi/vec4 1, 0, 1;
    %store/vec4 v00000000008dbf20_0, 0, 1;
    %pushi/vec4 434, 0, 12;
    %store/vec4 v00000000008dbfc0_0, 0, 12;
    %delay 5, 0;
    %pushi/vec4 0, 0, 1;
    %store/vec4 v00000000008dbf20_0, 0, 1;
    %delay 5, 0;
    %pushi/vec4 0, 0, 1;
    %store/vec4 v00000000008dbf20_0, 0, 1;
    %delay 10, 0;
    %pushi/vec4 1, 0, 1;
    %store/vec4 v00000000008dada0_0, 0, 1;
    %pushi/vec4 0, 0, 1;
    %store/vec4 v00000000008db2a0_0, 0, 1;
    %pushi/vec4 1, 0, 1;
    %store/vec4 v00000000008dbf20_0, 0, 1;
    %pushi/vec4 436, 0, 12;
    %store/vec4 v00000000008dbfc0_0, 0, 12;
    %delay 5, 0;
    %pushi/vec4 0, 0, 1;
    %store/vec4 v00000000008dbf20_0, 0, 1;
    %delay 10, 0;
    %pushi/vec4 0, 0, 1;
    %store/vec4 v00000000008db2a0_0, 0, 1;
    %pushi/vec4 1, 0, 1;
    %store/vec4 v00000000008dada0_0, 0, 1;
    %pushi/vec4 1, 0, 1;
    %store/vec4 v00000000008dbf20_0, 0, 1;
    %pushi/vec4 460, 0, 12;
    %store/vec4 v00000000008dbfc0_0, 0, 12;
    %delay 5, 0;
    %pushi/vec4 0, 0, 1;
    %store/vec4 v00000000008dbf20_0, 0, 1;
    %delay 10, 0;
    %pushi/vec4 1, 0, 1;
    %store/vec4 v00000000008dada0_0, 0, 1;
    %pushi/vec4 0, 0, 1;
    %store/vec4 v00000000008db2a0_0, 0, 1;
    %pushi/vec4 1, 0, 1;
    %store/vec4 v00000000008dbf20_0, 0, 1;
    %pushi/vec4 217, 0, 12;
    %store/vec4 v00000000008dbfc0_0, 0, 12;
    %end;
    .thread T_13;
# The file index is used to find the file name in the following table.
:file_names 3;
    "N/A";
    "<interactive>";
    "VerilogDM_106_214(2w_entry).v";
